\BOOKMARK [0][-]{chapter.1}{\376\377\000I\000n\000s\000t\000a\000l\000l\000a\000t\000i\000o\000n}{}% 1
\BOOKMARK [1][-]{section.1.1}{\376\377\000b\000e\000y\000o\000n\000d\000m\000l}{chapter.1}% 2
\BOOKMARK [2][-]{subsection.1.1.1}{\376\377\000b\000e\000y\000o\000n\000d\000m\000l\000\040\000p\000a\000c\000k\000a\000g\000e}{section.1.1}% 3
\BOOKMARK [3][-]{subsubsection*.3}{\376\377\000S\000u\000b\000p\000a\000c\000k\000a\000g\000e\000s}{subsection.1.1.1}% 4
\BOOKMARK [4][-]{paragraph*.4}{\376\377\000b\000e\000y\000o\000n\000d\000m\000l\000.\000p\000t\000\040\000p\000a\000c\000k\000a\000g\000e}{subsubsection*.3}% 5
\BOOKMARK [5][-]{subparagraph*.5}{\376\377\000S\000u\000b\000p\000a\000c\000k\000a\000g\000e\000s}{paragraph*.4}% 6
\BOOKMARK [5][-]{subparagraph*.6}{\376\377\000b\000e\000y\000o\000n\000d\000m\000l\000.\000p\000t\000.\000l\000a\000y\000e\000r\000s\000\040\000p\000a\000c\000k\000a\000g\000e}{paragraph*.4}% 7
\BOOKMARK [5][-]{subparagraph*.7}{\376\377\000S\000u\000b\000m\000o\000d\000u\000l\000e\000s}{paragraph*.4}% 8
\BOOKMARK [5][-]{subparagraph*.8}{\376\377\000b\000e\000y\000o\000n\000d\000m\000l\000.\000p\000t\000.\000l\000a\000y\000e\000r\000s\000.\000C\000o\000n\000v\0002\000D\000\040\000m\000o\000d\000u\000l\000e}{paragraph*.4}% 9
\BOOKMARK [5][-]{subparagraph*.11}{\376\377\000b\000e\000y\000o\000n\000d\000m\000l\000.\000p\000t\000.\000l\000a\000y\000e\000r\000s\000.\000C\000o\000n\000v\0003\000D\000\040\000m\000o\000d\000u\000l\000e}{paragraph*.4}% 10
\BOOKMARK [5][-]{subparagraph*.14}{\376\377\000b\000e\000y\000o\000n\000d\000m\000l\000.\000p\000t\000.\000l\000a\000y\000e\000r\000s\000.\000D\000e\000n\000s\000e\000\040\000m\000o\000d\000u\000l\000e}{paragraph*.4}% 11
\BOOKMARK [5][-]{subparagraph*.17}{\376\377\000b\000e\000y\000o\000n\000d\000m\000l\000.\000p\000t\000.\000l\000a\000y\000e\000r\000s\000.\000F\000i\000l\000t\000e\000r\000L\000a\000y\000e\000r\000\040\000m\000o\000d\000u\000l\000e}{paragraph*.4}% 12
\BOOKMARK [5][-]{subparagraph*.23}{\376\377\000b\000e\000y\000o\000n\000d\000m\000l\000.\000p\000t\000.\000l\000a\000y\000e\000r\000s\000.\000M\000a\000s\000k\000e\000d\000C\000o\000n\000v\0002\000D\000\040\000m\000o\000d\000u\000l\000e}{paragraph*.4}% 13
\BOOKMARK [5][-]{subparagraph*.30}{\376\377\000b\000e\000y\000o\000n\000d\000m\000l\000.\000p\000t\000.\000l\000a\000y\000e\000r\000s\000.\000M\000a\000s\000k\000e\000d\000C\000o\000n\000v\0003\000D\000\040\000m\000o\000d\000u\000l\000e}{paragraph*.4}% 14
\BOOKMARK [5][-]{subparagraph*.37}{\376\377\000b\000e\000y\000o\000n\000d\000m\000l\000.\000p\000t\000.\000l\000a\000y\000e\000r\000s\000.\000M\000a\000s\000k\000e\000d\000D\000e\000n\000s\000e\000\040\000m\000o\000d\000u\000l\000e}{paragraph*.4}% 15
\BOOKMARK [5][-]{subparagraph*.41}{\376\377\000b\000e\000y\000o\000n\000d\000m\000l\000.\000p\000t\000.\000l\000a\000y\000e\000r\000s\000.\000M\000a\000s\000k\000e\000d\000M\000u\000l\000t\000i\000H\000e\000a\000d\000A\000t\000t\000e\000n\000t\000i\000o\000n\000\040\000m\000o\000d\000u\000l\000e}{paragraph*.4}% 16
\BOOKMARK [5][-]{subparagraph*.45}{\376\377\000b\000e\000y\000o\000n\000d\000m\000l\000.\000p\000t\000.\000l\000a\000y\000e\000r\000s\000.\000M\000a\000s\000k\000e\000d\000T\000r\000a\000n\000s\000f\000o\000r\000m\000e\000r\000D\000e\000c\000o\000d\000e\000r\000L\000a\000y\000e\000r\000\040\000m\000o\000d\000u\000l\000e}{paragraph*.4}% 17
\BOOKMARK [5][-]{subparagraph*.49}{\376\377\000b\000e\000y\000o\000n\000d\000m\000l\000.\000p\000t\000.\000l\000a\000y\000e\000r\000s\000.\000M\000a\000s\000k\000e\000d\000T\000r\000a\000n\000s\000f\000o\000r\000m\000e\000r\000E\000n\000c\000o\000d\000e\000r\000L\000a\000y\000e\000r\000\040\000m\000o\000d\000u\000l\000e}{paragraph*.4}% 18
\BOOKMARK [5][-]{subparagraph*.53}{\376\377\000b\000e\000y\000o\000n\000d\000m\000l\000.\000p\000t\000.\000l\000a\000y\000e\000r\000s\000.\000M\000u\000l\000t\000i\000C\000o\000n\000v\0002\000D\000\040\000m\000o\000d\000u\000l\000e}{paragraph*.4}% 19
\BOOKMARK [5][-]{subparagraph*.56}{\376\377\000b\000e\000y\000o\000n\000d\000m\000l\000.\000p\000t\000.\000l\000a\000y\000e\000r\000s\000.\000M\000u\000l\000t\000i\000C\000o\000n\000v\0003\000D\000\040\000m\000o\000d\000u\000l\000e}{paragraph*.4}% 20
\BOOKMARK [5][-]{subparagraph*.59}{\376\377\000b\000e\000y\000o\000n\000d\000m\000l\000.\000p\000t\000.\000l\000a\000y\000e\000r\000s\000.\000M\000u\000l\000t\000i\000D\000e\000n\000s\000e\000\040\000m\000o\000d\000u\000l\000e}{paragraph*.4}% 21
\BOOKMARK [5][-]{subparagraph*.62}{\376\377\000b\000e\000y\000o\000n\000d\000m\000l\000.\000p\000t\000.\000l\000a\000y\000e\000r\000s\000.\000M\000u\000l\000t\000i\000M\000a\000s\000k\000e\000d\000C\000o\000n\000v\0002\000D\000\040\000m\000o\000d\000u\000l\000e}{paragraph*.4}% 22
\BOOKMARK [5][-]{subparagraph*.69}{\376\377\000b\000e\000y\000o\000n\000d\000m\000l\000.\000p\000t\000.\000l\000a\000y\000e\000r\000s\000.\000M\000u\000l\000t\000i\000M\000a\000s\000k\000e\000d\000C\000o\000n\000v\0003\000D\000\040\000m\000o\000d\000u\000l\000e}{paragraph*.4}% 23
\BOOKMARK [5][-]{subparagraph*.76}{\376\377\000b\000e\000y\000o\000n\000d\000m\000l\000.\000p\000t\000.\000l\000a\000y\000e\000r\000s\000.\000M\000u\000l\000t\000i\000M\000a\000s\000k\000e\000d\000D\000e\000n\000s\000e\000\040\000m\000o\000d\000u\000l\000e}{paragraph*.4}% 24
\BOOKMARK [5][-]{subparagraph*.80}{\376\377\000b\000e\000y\000o\000n\000d\000m\000l\000.\000p\000t\000.\000l\000a\000y\000e\000r\000s\000.\000M\000u\000l\000t\000i\000M\000a\000x\000P\000o\000o\000l\0002\000D\000\040\000m\000o\000d\000u\000l\000e}{paragraph*.4}% 25
\BOOKMARK [5][-]{subparagraph*.83}{\376\377\000b\000e\000y\000o\000n\000d\000m\000l\000.\000p\000t\000.\000l\000a\000y\000e\000r\000s\000.\000M\000u\000l\000t\000i\000M\000a\000x\000P\000o\000o\000l\0003\000D\000\040\000m\000o\000d\000u\000l\000e}{paragraph*.4}% 26
\BOOKMARK [5][-]{subparagraph*.86}{\376\377\000b\000e\000y\000o\000n\000d\000m\000l\000.\000p\000t\000.\000l\000a\000y\000e\000r\000s\000.\000M\000u\000l\000t\000i\000t\000a\000s\000k\000N\000o\000r\000m\000a\000l\000i\000z\000a\000t\000i\000o\000n\000\040\000m\000o\000d\000u\000l\000e}{paragraph*.4}% 27
\BOOKMARK [5][-]{subparagraph*.89}{\376\377\000b\000e\000y\000o\000n\000d\000m\000l\000.\000p\000t\000.\000l\000a\000y\000e\000r\000s\000.\000S\000e\000l\000e\000c\000t\000o\000r\000L\000a\000y\000e\000r\000\040\000m\000o\000d\000u\000l\000e}{paragraph*.4}% 28
\BOOKMARK [5][-]{subparagraph*.93}{\376\377\000b\000e\000y\000o\000n\000d\000m\000l\000.\000p\000t\000.\000l\000a\000y\000e\000r\000s\000.\000S\000p\000a\000r\000s\000e\000C\000o\000n\000v\0002\000D\000\040\000m\000o\000d\000u\000l\000e}{paragraph*.4}% 29
\BOOKMARK [5][-]{subparagraph*.96}{\376\377\000b\000e\000y\000o\000n\000d\000m\000l\000.\000p\000t\000.\000l\000a\000y\000e\000r\000s\000.\000S\000p\000a\000r\000s\000e\000C\000o\000n\000v\0003\000D\000\040\000m\000o\000d\000u\000l\000e}{paragraph*.4}% 30
\BOOKMARK [5][-]{subparagraph*.99}{\376\377\000b\000e\000y\000o\000n\000d\000m\000l\000.\000p\000t\000.\000l\000a\000y\000e\000r\000s\000.\000S\000p\000a\000r\000s\000e\000D\000e\000n\000s\000e\000\040\000m\000o\000d\000u\000l\000e}{paragraph*.4}% 31
\BOOKMARK [5][-]{subparagraph*.102}{\376\377\000b\000e\000y\000o\000n\000d\000m\000l\000.\000p\000t\000.\000l\000a\000y\000e\000r\000s\000.\000S\000p\000a\000r\000s\000e\000M\000u\000l\000t\000i\000C\000o\000n\000v\0002\000D\000\040\000m\000o\000d\000u\000l\000e}{paragraph*.4}% 32
\BOOKMARK [5][-]{subparagraph*.105}{\376\377\000b\000e\000y\000o\000n\000d\000m\000l\000.\000p\000t\000.\000l\000a\000y\000e\000r\000s\000.\000S\000p\000a\000r\000s\000e\000M\000u\000l\000t\000i\000C\000o\000n\000v\0003\000D\000\040\000m\000o\000d\000u\000l\000e}{paragraph*.4}% 33
\BOOKMARK [5][-]{subparagraph*.108}{\376\377\000b\000e\000y\000o\000n\000d\000m\000l\000.\000p\000t\000.\000l\000a\000y\000e\000r\000s\000.\000S\000p\000a\000r\000s\000e\000M\000u\000l\000t\000i\000D\000e\000n\000s\000e\000\040\000m\000o\000d\000u\000l\000e}{paragraph*.4}% 34
\BOOKMARK [5][-]{subparagraph*.111}{\376\377\000M\000o\000d\000u\000l\000e\000\040\000c\000o\000n\000t\000e\000n\000t\000s}{paragraph*.4}% 35
\BOOKMARK [5][-]{subparagraph*.112}{\376\377\000b\000e\000y\000o\000n\000d\000m\000l\000.\000p\000t\000.\000u\000t\000i\000l\000s\000\040\000p\000a\000c\000k\000a\000g\000e}{paragraph*.4}% 36
\BOOKMARK [5][-]{subparagraph*.113}{\376\377\000S\000u\000b\000m\000o\000d\000u\000l\000e\000s}{paragraph*.4}% 37
\BOOKMARK [5][-]{subparagraph*.114}{\376\377\000b\000e\000y\000o\000n\000d\000m\000l\000.\000p\000t\000.\000u\000t\000i\000l\000s\000.\000u\000t\000i\000l\000s\000\040\000m\000o\000d\000u\000l\000e}{paragraph*.4}% 38
\BOOKMARK [5][-]{subparagraph*.116}{\376\377\000M\000o\000d\000u\000l\000e\000\040\000c\000o\000n\000t\000e\000n\000t\000s}{paragraph*.4}% 39
\BOOKMARK [5][-]{subparagraph*.117}{\376\377\000M\000o\000d\000u\000l\000e\000\040\000c\000o\000n\000t\000e\000n\000t\000s}{paragraph*.4}% 40
\BOOKMARK [4][-]{paragraph*.118}{\376\377\000b\000e\000y\000o\000n\000d\000m\000l\000.\000t\000f\000l\000o\000w\000\040\000p\000a\000c\000k\000a\000g\000e}{subsubsection*.3}% 41
\BOOKMARK [5][-]{subparagraph*.119}{\376\377\000S\000u\000b\000p\000a\000c\000k\000a\000g\000e\000s}{paragraph*.118}% 42
\BOOKMARK [5][-]{subparagraph*.120}{\376\377\000b\000e\000y\000o\000n\000d\000m\000l\000.\000t\000f\000l\000o\000w\000.\000l\000a\000y\000e\000r\000s\000\040\000p\000a\000c\000k\000a\000g\000e}{paragraph*.118}% 43
\BOOKMARK [5][-]{subparagraph*.121}{\376\377\000S\000u\000b\000m\000o\000d\000u\000l\000e\000s}{paragraph*.118}% 44
\BOOKMARK [5][-]{subparagraph*.122}{\376\377\000b\000e\000y\000o\000n\000d\000m\000l\000.\000t\000f\000l\000o\000w\000.\000l\000a\000y\000e\000r\000s\000.\000F\000i\000l\000t\000e\000r\000L\000a\000y\000e\000r\000\040\000m\000o\000d\000u\000l\000e}{paragraph*.118}% 45
\BOOKMARK [5][-]{subparagraph*.129}{\376\377\000b\000e\000y\000o\000n\000d\000m\000l\000.\000t\000f\000l\000o\000w\000.\000l\000a\000y\000e\000r\000s\000.\000M\000a\000s\000k\000e\000d\000C\000o\000n\000v\0002\000D\000\040\000m\000o\000d\000u\000l\000e}{paragraph*.118}% 46
\BOOKMARK [5][-]{subparagraph*.137}{\376\377\000b\000e\000y\000o\000n\000d\000m\000l\000.\000t\000f\000l\000o\000w\000.\000l\000a\000y\000e\000r\000s\000.\000M\000a\000s\000k\000e\000d\000C\000o\000n\000v\0003\000D\000\040\000m\000o\000d\000u\000l\000e}{paragraph*.118}% 47
\BOOKMARK [5][-]{subparagraph*.145}{\376\377\000b\000e\000y\000o\000n\000d\000m\000l\000.\000t\000f\000l\000o\000w\000.\000l\000a\000y\000e\000r\000s\000.\000M\000a\000s\000k\000e\000d\000D\000e\000n\000s\000e\000\040\000m\000o\000d\000u\000l\000e}{paragraph*.118}% 48
\BOOKMARK [5][-]{subparagraph*.152}{\376\377\000b\000e\000y\000o\000n\000d\000m\000l\000.\000t\000f\000l\000o\000w\000.\000l\000a\000y\000e\000r\000s\000.\000M\000u\000l\000t\000i\000C\000o\000n\000v\0002\000D\000\040\000m\000o\000d\000u\000l\000e}{paragraph*.118}% 49
\BOOKMARK [5][-]{subparagraph*.159}{\376\377\000b\000e\000y\000o\000n\000d\000m\000l\000.\000t\000f\000l\000o\000w\000.\000l\000a\000y\000e\000r\000s\000.\000M\000u\000l\000t\000i\000C\000o\000n\000v\0003\000D\000\040\000m\000o\000d\000u\000l\000e}{paragraph*.118}% 50
\BOOKMARK [5][-]{subparagraph*.166}{\376\377\000b\000e\000y\000o\000n\000d\000m\000l\000.\000t\000f\000l\000o\000w\000.\000l\000a\000y\000e\000r\000s\000.\000M\000u\000l\000t\000i\000D\000e\000n\000s\000e\000\040\000m\000o\000d\000u\000l\000e}{paragraph*.118}% 51
\BOOKMARK [5][-]{subparagraph*.172}{\376\377\000b\000e\000y\000o\000n\000d\000m\000l\000.\000t\000f\000l\000o\000w\000.\000l\000a\000y\000e\000r\000s\000.\000M\000u\000l\000t\000i\000M\000a\000s\000k\000e\000d\000C\000o\000n\000v\0002\000D\000\040\000m\000o\000d\000u\000l\000e}{paragraph*.118}% 52
\BOOKMARK [5][-]{subparagraph*.180}{\376\377\000b\000e\000y\000o\000n\000d\000m\000l\000.\000t\000f\000l\000o\000w\000.\000l\000a\000y\000e\000r\000s\000.\000M\000u\000l\000t\000i\000M\000a\000s\000k\000e\000d\000C\000o\000n\000v\0003\000D\000\040\000m\000o\000d\000u\000l\000e}{paragraph*.118}% 53
\BOOKMARK [5][-]{subparagraph*.188}{\376\377\000b\000e\000y\000o\000n\000d\000m\000l\000.\000t\000f\000l\000o\000w\000.\000l\000a\000y\000e\000r\000s\000.\000M\000u\000l\000t\000i\000M\000a\000s\000k\000e\000d\000D\000e\000n\000s\000e\000\040\000m\000o\000d\000u\000l\000e}{paragraph*.118}% 54
\BOOKMARK [5][-]{subparagraph*.195}{\376\377\000b\000e\000y\000o\000n\000d\000m\000l\000.\000t\000f\000l\000o\000w\000.\000l\000a\000y\000e\000r\000s\000.\000M\000u\000l\000t\000i\000M\000a\000x\000P\000o\000o\000l\0002\000D\000\040\000m\000o\000d\000u\000l\000e}{paragraph*.118}% 55
\BOOKMARK [5][-]{subparagraph*.200}{\376\377\000b\000e\000y\000o\000n\000d\000m\000l\000.\000t\000f\000l\000o\000w\000.\000l\000a\000y\000e\000r\000s\000.\000M\000u\000l\000t\000i\000M\000a\000x\000P\000o\000o\000l\0003\000D\000\040\000m\000o\000d\000u\000l\000e}{paragraph*.118}% 56
\BOOKMARK [5][-]{subparagraph*.205}{\376\377\000b\000e\000y\000o\000n\000d\000m\000l\000.\000t\000f\000l\000o\000w\000.\000l\000a\000y\000e\000r\000s\000.\000M\000u\000l\000t\000i\000t\000a\000s\000k\000N\000o\000r\000m\000a\000l\000i\000z\000a\000t\000i\000o\000n\000\040\000m\000o\000d\000u\000l\000e}{paragraph*.118}% 57
\BOOKMARK [5][-]{subparagraph*.211}{\376\377\000b\000e\000y\000o\000n\000d\000m\000l\000.\000t\000f\000l\000o\000w\000.\000l\000a\000y\000e\000r\000s\000.\000S\000e\000l\000e\000c\000t\000o\000r\000L\000a\000y\000e\000r\000\040\000m\000o\000d\000u\000l\000e}{paragraph*.118}% 58
\BOOKMARK [5][-]{subparagraph*.217}{\376\377\000b\000e\000y\000o\000n\000d\000m\000l\000.\000t\000f\000l\000o\000w\000.\000l\000a\000y\000e\000r\000s\000.\000S\000p\000a\000r\000s\000e\000C\000o\000n\000v\0002\000D\000\040\000m\000o\000d\000u\000l\000e}{paragraph*.118}% 59
\BOOKMARK [5][-]{subparagraph*.224}{\376\377\000b\000e\000y\000o\000n\000d\000m\000l\000.\000t\000f\000l\000o\000w\000.\000l\000a\000y\000e\000r\000s\000.\000S\000p\000a\000r\000s\000e\000C\000o\000n\000v\0003\000D\000\040\000m\000o\000d\000u\000l\000e}{paragraph*.118}% 60
\BOOKMARK [5][-]{subparagraph*.231}{\376\377\000b\000e\000y\000o\000n\000d\000m\000l\000.\000t\000f\000l\000o\000w\000.\000l\000a\000y\000e\000r\000s\000.\000S\000p\000a\000r\000s\000e\000D\000e\000n\000s\000e\000\040\000m\000o\000d\000u\000l\000e}{paragraph*.118}% 61
\BOOKMARK [5][-]{subparagraph*.238}{\376\377\000b\000e\000y\000o\000n\000d\000m\000l\000.\000t\000f\000l\000o\000w\000.\000l\000a\000y\000e\000r\000s\000.\000S\000p\000a\000r\000s\000e\000M\000u\000l\000t\000i\000C\000o\000n\000v\0002\000D\000\040\000m\000o\000d\000u\000l\000e}{paragraph*.118}% 62
\BOOKMARK [5][-]{subparagraph*.245}{\376\377\000b\000e\000y\000o\000n\000d\000m\000l\000.\000t\000f\000l\000o\000w\000.\000l\000a\000y\000e\000r\000s\000.\000S\000p\000a\000r\000s\000e\000M\000u\000l\000t\000i\000C\000o\000n\000v\0003\000D\000\040\000m\000o\000d\000u\000l\000e}{paragraph*.118}% 63
\BOOKMARK [5][-]{subparagraph*.252}{\376\377\000b\000e\000y\000o\000n\000d\000m\000l\000.\000t\000f\000l\000o\000w\000.\000l\000a\000y\000e\000r\000s\000.\000S\000p\000a\000r\000s\000e\000M\000u\000l\000t\000i\000D\000e\000n\000s\000e\000\040\000m\000o\000d\000u\000l\000e}{paragraph*.118}% 64
\BOOKMARK [5][-]{subparagraph*.259}{\376\377\000b\000e\000y\000o\000n\000d\000m\000l\000.\000t\000f\000l\000o\000w\000.\000l\000a\000y\000e\000r\000s\000.\000S\000u\000m\000L\000a\000y\000e\000r\000\040\000m\000o\000d\000u\000l\000e}{paragraph*.118}% 65
\BOOKMARK [5][-]{subparagraph*.264}{\376\377\000M\000o\000d\000u\000l\000e\000\040\000c\000o\000n\000t\000e\000n\000t\000s}{paragraph*.118}% 66
\BOOKMARK [5][-]{subparagraph*.265}{\376\377\000b\000e\000y\000o\000n\000d\000m\000l\000.\000t\000f\000l\000o\000w\000.\000u\000t\000i\000l\000s\000\040\000p\000a\000c\000k\000a\000g\000e}{paragraph*.118}% 67
\BOOKMARK [5][-]{subparagraph*.266}{\376\377\000S\000u\000b\000m\000o\000d\000u\000l\000e\000s}{paragraph*.118}% 68
\BOOKMARK [5][-]{subparagraph*.267}{\376\377\000b\000e\000y\000o\000n\000d\000m\000l\000.\000t\000f\000l\000o\000w\000.\000u\000t\000i\000l\000s\000.\000t\000r\000a\000n\000s\000f\000o\000r\000m\000e\000r\000\040\000m\000o\000d\000u\000l\000e}{paragraph*.118}% 69
\BOOKMARK [5][-]{subparagraph*.270}{\376\377\000b\000e\000y\000o\000n\000d\000m\000l\000.\000t\000f\000l\000o\000w\000.\000u\000t\000i\000l\000s\000.\000u\000t\000i\000l\000s\000\040\000m\000o\000d\000u\000l\000e}{paragraph*.118}% 70
\BOOKMARK [5][-]{subparagraph*.283}{\376\377\000M\000o\000d\000u\000l\000e\000\040\000c\000o\000n\000t\000e\000n\000t\000s}{paragraph*.118}% 71
\BOOKMARK [5][-]{subparagraph*.284}{\376\377\000M\000o\000d\000u\000l\000e\000\040\000c\000o\000n\000t\000e\000n\000t\000s}{paragraph*.118}% 72
\BOOKMARK [3][-]{subsubsection*.285}{\376\377\000M\000o\000d\000u\000l\000e\000\040\000c\000o\000n\000t\000e\000n\000t\000s}{subsection.1.1.1}% 73
\BOOKMARK [0][-]{chapter.2}{\376\377\000C\000h\000a\000n\000g\000e\000l\000o\000g}{}% 74
\BOOKMARK [0][-]{section*.286}{\376\377\000P\000y\000t\000h\000o\000n\000\040\000M\000o\000d\000u\000l\000e\000\040\000I\000n\000d\000e\000x}{}% 75
\BOOKMARK [0][-]{section*.287}{\376\377\000I\000n\000d\000e\000x}{}% 76
